<?xml version="1.0" encoding="UTF-8"?>
<!-- Generated by org.testng.reporters.JUnitXMLReporter -->
<testsuite ignored="2" hostname="Siva-PC" failures="2" tests="2" name="Test" time="0.118" errors="0" timestamp="2021-11-30T17:54:57 IST">
  <testcase classname="Leads.LeadTc11" name="Tc10" time="0.025">
    <failure type="java.lang.NullPointerException" message="Cannot invoke &amp;quot;org.openqa.selenium.WebDriver.findElement(org.openqa.selenium.By)&amp;quot; because &amp;quot;this.driver&amp;quot; is null">
      <![CDATA[java.lang.NullPointerException: Cannot invoke "org.openqa.selenium.WebDriver.findElement(org.openqa.selenium.By)" because "this.driver" is null
at Leads.LeadTc11.Tc10(LeadTc11.java:13)
at java.base/java.util.ArrayList.forEach(ArrayList.java:1511)
... Removed 27 stack frames]]>
    </failure>
  </testcase> <!-- Tc10 -->
  <testcase classname="Leads.LeadTc13" name="Tc10" time="0.002">
    <failure type="java.lang.NullPointerException" message="Cannot invoke &amp;quot;org.openqa.selenium.WebDriver.findElement(org.openqa.selenium.By)&amp;quot; because &amp;quot;this.driver&amp;quot; is null">
      <![CDATA[java.lang.NullPointerException: Cannot invoke "org.openqa.selenium.WebDriver.findElement(org.openqa.selenium.By)" because "this.driver" is null
at Leads.LeadTc13.Tc10(LeadTc13.java:13)
at java.base/java.util.ArrayList.forEach(ArrayList.java:1511)
... Removed 27 stack frames]]>
    </failure>
  </testcase> <!-- Tc10 -->
  <testcase classname="Leads.LeadTc14" name="Tc10" time="0.0">
    <ignored/>
  </testcase> <!-- Tc10 -->
  <testcase classname="Leads.LeadTc12" name="Tc10" time="0.0">
    <ignored/>
  </testcase> <!-- Tc10 -->
</testsuite> <!-- Test -->
