<?xml version="1.0" encoding="UTF-8"?>
<testng-results ignored="0" total="2" passed="2" failed="0" skipped="0">
  <reporter-output>
  </reporter-output>
  <suite started-at="2021-12-01T18:03:02 IST" name="Default suite" finished-at="2021-12-01T18:03:54 IST" duration-ms="52573">
    <groups>
    </groups>
    <test started-at="2021-12-01T18:03:02 IST" name="Default test" finished-at="2021-12-01T18:03:54 IST" duration-ms="52573">
      <class name="com.crm.pomTest.test1">
        <test-method is-config="true" signature="openApp()[pri:0, instance:com.crm.pomTest.test1@3d285d7e]" started-at="2021-12-01T18:03:02 IST" name="openApp" finished-at="2021-12-01T18:03:17 IST" duration-ms="15146" status="PASS">
          <reporter-output>
          </reporter-output>
        </test-method> <!-- openApp -->
        <test-method signature="tc1()[pri:0, instance:com.crm.pomTest.test1@3d285d7e]" started-at="2021-12-01T18:03:17 IST" name="tc1" finished-at="2021-12-01T18:03:27 IST" duration-ms="10208" status="PASS">
          <reporter-output>
          </reporter-output>
        </test-method> <!-- tc1 -->
        <test-method is-config="true" signature="closeapp()[pri:0, instance:com.crm.pomTest.test1@3d285d7e]" started-at="2021-12-01T18:03:27 IST" name="closeapp" finished-at="2021-12-01T18:03:32 IST" duration-ms="4949" status="PASS">
          <reporter-output>
          </reporter-output>
        </test-method> <!-- closeapp -->
        <test-method is-config="true" signature="openApp()[pri:0, instance:com.crm.pomTest.test1@3d285d7e]" started-at="2021-12-01T18:03:32 IST" name="openApp" finished-at="2021-12-01T18:03:43 IST" duration-ms="10962" status="PASS">
          <reporter-output>
          </reporter-output>
        </test-method> <!-- openApp -->
        <test-method signature="tc2()[pri:0, instance:com.crm.pomTest.test1@3d285d7e]" started-at="2021-12-01T18:03:43 IST" name="tc2" finished-at="2021-12-01T18:03:50 IST" duration-ms="6833" status="PASS">
          <reporter-output>
          </reporter-output>
        </test-method> <!-- tc2 -->
        <test-method is-config="true" signature="closeapp()[pri:0, instance:com.crm.pomTest.test1@3d285d7e]" started-at="2021-12-01T18:03:50 IST" name="closeapp" finished-at="2021-12-01T18:03:54 IST" duration-ms="4366" status="PASS">
          <reporter-output>
          </reporter-output>
        </test-method> <!-- closeapp -->
      </class> <!-- com.crm.pomTest.test1 -->
    </test> <!-- Default test -->
  </suite> <!-- Default suite -->
</testng-results>
